{"contracts/nftMarketplace.sol":{"l":{"50":0,"51":0,"52":0,"54":0,"62":0,"63":0,"64":0,"65":0,"67":0,"70":0,"71":0,"72":0,"74":0,"89":0,"90":0,"94":0,"95":0,"96":0,"98":0,"100":0,"109":0,"110":0,"111":0,"118":0,"120":0,"125":0,"133":0,"134":0,"142":0,"143":0,"150":0,"151":0,"152":0,"154":0,"155":0,"156":0,"165":0,"169":0},"path":"/Users/samarjeetmohite/Documents/Program/ffc/nft-Market/contracts/nftMarketplace.sol","s":{"1":0,"2":0,"3":0,"4":0,"5":0,"6":0,"7":0,"8":0,"9":0,"10":0,"11":0,"12":0,"13":0,"14":0,"15":0,"16":0,"17":0,"18":0,"19":0,"20":0,"21":0,"22":0,"23":0,"24":0,"25":0,"26":0,"27":0},"b":{"1":[0,0],"2":[0,0],"3":[0,0],"4":[0,0],"5":[0,0],"6":[0,0],"7":[0,0],"8":[0,0]},"f":{"1":0,"2":0,"3":0,"4":0,"5":0,"6":0,"7":0,"8":0,"9":0,"10":0},"fnMap":{"1":{"name":"notListed","line":45,"loc":{"start":{"line":45,"column":4},"end":{"line":55,"column":4}}},"2":{"name":"isOwner","line":57,"loc":{"start":{"line":57,"column":4},"end":{"line":68,"column":4}}},"3":{"name":"isListed","line":69,"loc":{"start":{"line":69,"column":4},"end":{"line":75,"column":4}}},"4":{"name":"lisItem","line":88,"loc":{"start":{"line":84,"column":4},"end":{"line":101,"column":4}}},"5":{"name":"buyItem","line":106,"loc":{"start":{"line":103,"column":4},"end":{"line":126,"column":4}}},"6":{"name":"cancelListing","line":131,"loc":{"start":{"line":128,"column":4},"end":{"line":135,"column":4}}},"7":{"name":"updateListing","line":141,"loc":{"start":{"line":137,"column":4},"end":{"line":144,"column":4}}},"8":{"name":"withdrawProceeds","line":149,"loc":{"start":{"line":149,"column":4},"end":{"line":157,"column":4}}},"9":{"name":"getListing","line":160,"loc":{"start":{"line":160,"column":4},"end":{"line":166,"column":4}}},"10":{"name":"getProceeds","line":168,"loc":{"start":{"line":168,"column":4},"end":{"line":170,"column":4}}}},"statementMap":{"1":{"start":{"line":50,"column":8},"end":{"line":50,"column":64}},"2":{"start":{"line":51,"column":8},"end":{"line":51,"column":1672}},"3":{"start":{"line":62,"column":8},"end":{"line":62,"column":41}},"4":{"start":{"line":63,"column":8},"end":{"line":63,"column":44}},"5":{"start":{"line":64,"column":8},"end":{"line":64,"column":1999}},"6":{"start":{"line":70,"column":8},"end":{"line":70,"column":64}},"7":{"start":{"line":71,"column":8},"end":{"line":71,"column":2231}},"8":{"start":{"line":89,"column":8},"end":{"line":89,"column":2761}},"9":{"start":{"line":94,"column":8},"end":{"line":94,"column":41}},"10":{"start":{"line":95,"column":8},"end":{"line":95,"column":3009}},"11":{"start":{"line":98,"column":8},"end":{"line":98,"column":67}},"12":{"start":{"line":100,"column":8},"end":{"line":100,"column":63}},"13":{"start":{"line":109,"column":8},"end":{"line":109,"column":67}},"14":{"start":{"line":110,"column":8},"end":{"line":110,"column":3575}},"15":{"start":{"line":118,"column":8},"end":{"line":118,"column":49}},"16":{"start":{"line":124,"column":8},"end":{"line":124,"column":83}},"17":{"start":{"line":125,"column":8},"end":{"line":125,"column":74}},"18":{"start":{"line":134,"column":8},"end":{"line":134,"column":58}},"19":{"start":{"line":142,"column":8},"end":{"line":142,"column":55}},"20":{"start":{"line":143,"column":8},"end":{"line":143,"column":66}},"21":{"start":{"line":150,"column":8},"end":{"line":150,"column":49}},"22":{"start":{"line":151,"column":8},"end":{"line":151,"column":5296}},"23":{"start":{"line":154,"column":8},"end":{"line":154,"column":33}},"24":{"start":{"line":155,"column":8},"end":{"line":155,"column":72}},"25":{"start":{"line":156,"column":8},"end":{"line":156,"column":42}},"26":{"start":{"line":165,"column":8},"end":{"line":165,"column":46}},"27":{"start":{"line":169,"column":8},"end":{"line":169,"column":33}}},"branchMap":{"1":{"line":51,"type":"if","locations":[{"start":{"line":51,"column":8},"end":{"line":51,"column":8}},{"start":{"line":51,"column":8},"end":{"line":51,"column":8}}]},"2":{"line":64,"type":"if","locations":[{"start":{"line":64,"column":8},"end":{"line":64,"column":8}},{"start":{"line":64,"column":8},"end":{"line":64,"column":8}}]},"3":{"line":71,"type":"if","locations":[{"start":{"line":71,"column":8},"end":{"line":71,"column":8}},{"start":{"line":71,"column":8},"end":{"line":71,"column":8}}]},"4":{"line":89,"type":"if","locations":[{"start":{"line":89,"column":8},"end":{"line":89,"column":8}},{"start":{"line":89,"column":8},"end":{"line":89,"column":8}}]},"5":{"line":95,"type":"if","locations":[{"start":{"line":95,"column":8},"end":{"line":95,"column":8}},{"start":{"line":95,"column":8},"end":{"line":95,"column":8}}]},"6":{"line":110,"type":"if","locations":[{"start":{"line":110,"column":8},"end":{"line":110,"column":8}},{"start":{"line":110,"column":8},"end":{"line":110,"column":8}}]},"7":{"line":151,"type":"if","locations":[{"start":{"line":151,"column":8},"end":{"line":151,"column":8}},{"start":{"line":151,"column":8},"end":{"line":151,"column":8}}]},"8":{"line":156,"type":"if","locations":[{"start":{"line":156,"column":8},"end":{"line":156,"column":8}},{"start":{"line":156,"column":8},"end":{"line":156,"column":8}}]}}},"contracts/sublesson/ReentrantVulnerable.sol":{"l":{"39":0,"43":0,"44":0,"46":0,"47":0,"49":0,"54":0,"62":0,"67":0,"68":0,"73":0,"74":0,"75":0,"80":0},"path":"/Users/samarjeetmohite/Documents/Program/ffc/nft-Market/contracts/sublesson/ReentrantVulnerable.sol","s":{"1":0,"2":0,"3":0,"4":0,"5":0,"6":0,"7":0,"8":0,"9":0,"10":0,"11":0,"12":0,"13":0,"14":0},"b":{"1":[0,0],"2":[0,0],"3":[0,0],"4":[0,0]},"f":{"1":0,"2":0,"3":0,"4":0,"5":0,"6":0,"7":0},"fnMap":{"1":{"name":"deposit","line":38,"loc":{"start":{"line":38,"column":4},"end":{"line":40,"column":4}}},"2":{"name":"withdraw","line":42,"loc":{"start":{"line":42,"column":4},"end":{"line":50,"column":4}}},"3":{"name":"getBalance","line":53,"loc":{"start":{"line":53,"column":4},"end":{"line":55,"column":4}}},"4":{"name":"constructor","line":61,"loc":{"start":{"line":61,"column":4},"end":{"line":63,"column":4}}},"5":{"name":null,"line":66,"loc":{"start":{"line":66,"column":4},"end":{"line":70,"column":4}}},"6":{"name":"attack","line":72,"loc":{"start":{"line":72,"column":4},"end":{"line":76,"column":4}}},"7":{"name":"getBalance","line":79,"loc":{"start":{"line":79,"column":4},"end":{"line":81,"column":4}}}},"statementMap":{"1":{"start":{"line":39,"column":8},"end":{"line":39,"column":40}},"2":{"start":{"line":43,"column":8},"end":{"line":43,"column":42}},"3":{"start":{"line":44,"column":8},"end":{"line":44,"column":23}},"4":{"start":{"line":46,"column":8},"end":{"line":46,"column":55}},"5":{"start":{"line":47,"column":8},"end":{"line":47,"column":44}},"6":{"start":{"line":49,"column":8},"end":{"line":49,"column":31}},"7":{"start":{"line":54,"column":8},"end":{"line":54,"column":36}},"8":{"start":{"line":62,"column":8},"end":{"line":62,"column":77}},"9":{"start":{"line":67,"column":8},"end":{"line":67,"column":2034}},"10":{"start":{"line":68,"column":12},"end":{"line":68,"column":41}},"11":{"start":{"line":73,"column":8},"end":{"line":73,"column":36}},"12":{"start":{"line":74,"column":8},"end":{"line":74,"column":52}},"13":{"start":{"line":75,"column":8},"end":{"line":75,"column":37}},"14":{"start":{"line":80,"column":8},"end":{"line":80,"column":36}}},"branchMap":{"1":{"line":44,"type":"if","locations":[{"start":{"line":44,"column":8},"end":{"line":44,"column":8}},{"start":{"line":44,"column":8},"end":{"line":44,"column":8}}]},"2":{"line":47,"type":"if","locations":[{"start":{"line":47,"column":8},"end":{"line":47,"column":8}},{"start":{"line":47,"column":8},"end":{"line":47,"column":8}}]},"3":{"line":67,"type":"if","locations":[{"start":{"line":67,"column":8},"end":{"line":67,"column":8}},{"start":{"line":67,"column":8},"end":{"line":67,"column":8}}]},"4":{"line":73,"type":"if","locations":[{"start":{"line":73,"column":8},"end":{"line":73,"column":8}},{"start":{"line":73,"column":8},"end":{"line":73,"column":8}}]}}},"contracts/test/BasicNft.sol":{"l":{"15":3,"19":0,"20":0,"21":0,"25":0,"26":0,"30":0},"path":"/Users/samarjeetmohite/Documents/Program/ffc/nft-Market/contracts/test/BasicNft.sol","s":{"1":3,"2":0,"3":0,"4":0,"5":0,"6":0,"7":0},"b":{"1":[0,0]},"f":{"1":3,"2":0,"3":0,"4":0},"fnMap":{"1":{"name":"constructor","line":14,"loc":{"start":{"line":14,"column":4},"end":{"line":16,"column":4}}},"2":{"name":"mintNft","line":18,"loc":{"start":{"line":18,"column":4},"end":{"line":22,"column":4}}},"3":{"name":"tokenURI","line":24,"loc":{"start":{"line":24,"column":4},"end":{"line":27,"column":4}}},"4":{"name":"getTokenCounter","line":29,"loc":{"start":{"line":29,"column":4},"end":{"line":31,"column":4}}}},"statementMap":{"1":{"start":{"line":15,"column":8},"end":{"line":15,"column":25}},"2":{"start":{"line":19,"column":8},"end":{"line":19,"column":44}},"3":{"start":{"line":20,"column":8},"end":{"line":20,"column":38}},"4":{"start":{"line":21,"column":8},"end":{"line":21,"column":42}},"5":{"start":{"line":25,"column":8},"end":{"line":25,"column":83}},"6":{"start":{"line":26,"column":8},"end":{"line":26,"column":24}},"7":{"start":{"line":30,"column":8},"end":{"line":30,"column":29}}},"branchMap":{"1":{"line":25,"type":"if","locations":[{"start":{"line":25,"column":8},"end":{"line":25,"column":8}},{"start":{"line":25,"column":8},"end":{"line":25,"column":8}}]}}},"contracts/test/BasicNftTwo.sol":{"l":{"13":3,"17":0,"18":0,"19":0,"23":0,"24":0,"28":0},"path":"/Users/samarjeetmohite/Documents/Program/ffc/nft-Market/contracts/test/BasicNftTwo.sol","s":{"1":3,"2":0,"3":0,"4":0,"5":0,"6":0,"7":0},"b":{"1":[0,0]},"f":{"1":3,"2":0,"3":0,"4":0},"fnMap":{"1":{"name":"constructor","line":12,"loc":{"start":{"line":12,"column":4},"end":{"line":14,"column":4}}},"2":{"name":"mintNft","line":16,"loc":{"start":{"line":16,"column":4},"end":{"line":20,"column":4}}},"3":{"name":"tokenURI","line":22,"loc":{"start":{"line":22,"column":4},"end":{"line":25,"column":4}}},"4":{"name":"getTokenCounter","line":27,"loc":{"start":{"line":27,"column":4},"end":{"line":29,"column":4}}}},"statementMap":{"1":{"start":{"line":13,"column":8},"end":{"line":13,"column":25}},"2":{"start":{"line":17,"column":8},"end":{"line":17,"column":44}},"3":{"start":{"line":18,"column":8},"end":{"line":18,"column":38}},"4":{"start":{"line":19,"column":8},"end":{"line":19,"column":42}},"5":{"start":{"line":23,"column":8},"end":{"line":23,"column":83}},"6":{"start":{"line":24,"column":8},"end":{"line":24,"column":24}},"7":{"start":{"line":28,"column":8},"end":{"line":28,"column":29}}},"branchMap":{"1":{"line":23,"type":"if","locations":[{"start":{"line":23,"column":8},"end":{"line":23,"column":8}},{"start":{"line":23,"column":8},"end":{"line":23,"column":8}}]}}}}